  CXX(target) Release/obj.target/cws/src/Addon.o
In file included from ../src/Addon.cpp:3:
In file included from ../src/Addon.h:11:
In file included from ../src/node_10+_headers/tls_wrap.h:28:
In file included from ../src/node_10+_headers/node_crypto.h:33:
../src/node_10+_headers/env.h:811:23: error: unknown type name 'promise_hook_func'
  void AddPromiseHook(promise_hook_func fn, void* arg);
                      ^
../src/node_10+_headers/env.h:812:26: error: unknown type name 'promise_hook_func'
  bool RemovePromiseHook(promise_hook_func fn, void* arg);
                         ^
../src/node_10+_headers/env.h:941:5: error: unknown type name 'promise_hook_func'
    promise_hook_func cb_;
    ^
In file included from ../src/Addon.cpp:3:
In file included from ../src/Addon.h:11:
In file included from ../src/node_10+_headers/tls_wrap.h:28:
In file included from ../src/node_10+_headers/node_crypto.h:34:
In file included from ../src/node_10+_headers/async_wrap-inl.h:28:
In file included from ../src/node_10+_headers/base_object-inl.h:28:
../src/node_10+_headers/env-inl.h:702:76: error: too few arguments to function call, single argument 'context' was not specified
                          v8::SideEffectType::kHasSideEffect)->GetFunction();
                          ~~~~~~~~~~~~~~~~~~~~~~~~~~~~~~~~~~~~~~~~~~~~~~~~ ^
/Users/zhouhancheng/Library/Caches/node-gyp/12.8.0/include/node/v8.h:5955:3: note: 'GetFunction' declared here
  V8_WARN_UNUSED_RESULT MaybeLocal<Function> GetFunction(
  ^
/Users/zhouhancheng/Library/Caches/node-gyp/12.8.0/include/node/v8config.h:351:31: note: expanded from macro 'V8_WARN_UNUSED_RESULT'
#define V8_WARN_UNUSED_RESULT __attribute__((warn_unused_result))
                              ^
In file included from ../src/Addon.cpp:3:
In file included from ../src/Addon.h:11:
In file included from ../src/node_10+_headers/tls_wrap.h:28:
In file included from ../src/node_10+_headers/node_crypto.h:34:
In file included from ../src/node_10+_headers/async_wrap-inl.h:28:
In file included from ../src/node_10+_headers/base_object-inl.h:28:
../src/node_10+_headers/env-inl.h:707:9: warning: 'Set' is deprecated: Use maybe version [-Wdeprecated-declarations]
  that->Set(name_string, function);
        ^
/Users/zhouhancheng/Library/Caches/node-gyp/12.8.0/include/node/v8.h:3365:3: note: 'Set' has been explicitly marked deprecated here
  V8_DEPRECATE_SOON("Use maybe version",
  ^
/Users/zhouhancheng/Library/Caches/node-gyp/12.8.0/include/node/v8config.h:326:29: note: expanded from macro 'V8_DEPRECATE_SOON'
  declarator __attribute__((deprecated(message)))
                            ^
In file included from ../src/Addon.cpp:3:
In file included from ../src/Addon.h:11:
In file included from ../src/node_10+_headers/tls_wrap.h:28:
In file included from ../src/node_10+_headers/node_crypto.h:34:
In file included from ../src/node_10+_headers/async_wrap-inl.h:28:
In file included from ../src/node_10+_headers/base_object-inl.h:28:
../src/node_10+_headers/env-inl.h:720:78: error: too few arguments to function call, single argument 'context' was not specified
                          v8::SideEffectType::kHasNoSideEffect)->GetFunction();
                          ~~~~~~~~~~~~~~~~~~~~~~~~~~~~~~~~~~~~~~~~~~~~~~~~~~ ^
/Users/zhouhancheng/Library/Caches/node-gyp/12.8.0/include/node/v8.h:5955:3: note: 'GetFunction' declared here
  V8_WARN_UNUSED_RESULT MaybeLocal<Function> GetFunction(
  ^
/Users/zhouhancheng/Library/Caches/node-gyp/12.8.0/include/node/v8config.h:351:31: note: expanded from macro 'V8_WARN_UNUSED_RESULT'
#define V8_WARN_UNUSED_RESULT __attribute__((warn_unused_result))
                              ^
In file included from ../src/Addon.cpp:3:
In file included from ../src/Addon.h:11:
In file included from ../src/node_10+_headers/tls_wrap.h:28:
In file included from ../src/node_10+_headers/node_crypto.h:34:
In file included from ../src/node_10+_headers/async_wrap-inl.h:28:
In file included from ../src/node_10+_headers/base_object-inl.h:28:
../src/node_10+_headers/env-inl.h:725:9: warning: 'Set' is deprecated: Use maybe version [-Wdeprecated-declarations]
  that->Set(name_string, function);
        ^
/Users/zhouhancheng/Library/Caches/node-gyp/12.8.0/include/node/v8.h:3365:3: note: 'Set' has been explicitly marked deprecated here
  V8_DEPRECATE_SOON("Use maybe version",
  ^
/Users/zhouhancheng/Library/Caches/node-gyp/12.8.0/include/node/v8config.h:326:29: note: expanded from macro 'V8_DEPRECATE_SOON'
  declarator __attribute__((deprecated(message)))
                            ^
In file included from ../src/Addon.cpp:3:
In file included from ../src/Addon.h:11:
In file included from ../src/node_10+_headers/tls_wrap.h:28:
In file included from ../src/node_10+_headers/node_crypto.h:34:
In file included from ../src/node_10+_headers/async_wrap-inl.h:29:
../src/node_10+_headers/node_internals.h:453:7: error: redefinition of 'ArrayBufferAllocator'
class ArrayBufferAllocator : public v8::ArrayBuffer::Allocator {
      ^
/Users/zhouhancheng/Library/Caches/node-gyp/12.8.0/include/node/node.h:230:19: note: previous definition is here
class NODE_EXTERN ArrayBufferAllocator : public v8::ArrayBuffer::Allocator {
                  ^
In file included from ../src/Addon.cpp:3:
../src/Addon.h:61:11: warning: 'MakeCallback' is deprecated: Use MakeCallback(..., async_context) [-Wdeprecated-declarations]
    node::MakeCallback(isolate, isolate->GetCurrentContext()->Global(),
          ^
/Users/zhouhancheng/Library/Caches/node-gyp/12.8.0/include/node/node.h:173:1: note: 'MakeCallback' has been explicitly marked deprecated here
NODE_DEPRECATED("Use MakeCallback(..., async_context)",
^
/Users/zhouhancheng/Library/Caches/node-gyp/12.8.0/include/node/node.h:93:20: note: expanded from macro 'NODE_DEPRECATED'
    __attribute__((deprecated(message))) declarator
                   ^
In file included from ../src/Addon.cpp:3:
../src/Addon.h:79:41: error: no matching constructor for initialization of 'String::Utf8Value'
      utf8Value = new (utf8ValueMemory) String::Utf8Value(value);
                                        ^                 ~~~~~
/Users/zhouhancheng/Library/Caches/node-gyp/12.8.0/include/node/v8.h:3009:5: note: candidate constructor not viable: no known conversion from 'const Local<v8::Value>' to 'const v8::String::Utf8Value' for 1st argument
    Utf8Value(const Utf8Value&) = delete;
    ^
/Users/zhouhancheng/Library/Caches/node-gyp/12.8.0/include/node/v8.h:3002:5: note: candidate constructor not viable: requires 2 arguments, but 1 was provided
    Utf8Value(Isolate* isolate, Local<v8::Value> obj);
    ^
In file included from ../src/Addon.cpp:3:
../src/Addon.h:122:29: error: too few arguments to function call, single argument 'context' was not specified
      args[0]->IntegerValue(), args[1]->IntegerValue());
      ~~~~~~~~~~~~~~~~~~~~~ ^
/Users/zhouhancheng/Library/Caches/node-gyp/12.8.0/include/node/v8.h:2572:3: note: 'IntegerValue' declared here
  V8_WARN_UNUSED_RESULT Maybe<int64_t> IntegerValue(
  ^
/Users/zhouhancheng/Library/Caches/node-gyp/12.8.0/include/node/v8config.h:351:31: note: expanded from macro 'V8_WARN_UNUSED_RESULT'
#define V8_WARN_UNUSED_RESULT __attribute__((warn_unused_result))
                              ^
In file included from ../src/Addon.cpp:3:
../src/Addon.h:122:54: error: too few arguments to function call, single argument 'context' was not specified
      args[0]->IntegerValue(), args[1]->IntegerValue());
                               ~~~~~~~~~~~~~~~~~~~~~ ^
/Users/zhouhancheng/Library/Caches/node-gyp/12.8.0/include/node/v8.h:2572:3: note: 'IntegerValue' declared here
  V8_WARN_UNUSED_RESULT Maybe<int64_t> IntegerValue(
  ^
/Users/zhouhancheng/Library/Caches/node-gyp/12.8.0/include/node/v8config.h:351:31: note: expanded from macro 'V8_WARN_UNUSED_RESULT'
#define V8_WARN_UNUSED_RESULT __attribute__((warn_unused_result))
                              ^
In file included from ../src/Addon.cpp:3:
../src/Addon.h:150:38: warning: 'NewFromUtf8' is deprecated: Use maybe version [-Wdeprecated-declarations]
             : (Local<Value>)String::NewFromUtf8(isolate, message,
                                     ^
/Users/zhouhancheng/Library/Caches/node-gyp/12.8.0/include/node/v8.h:2897:10: note: 'NewFromUtf8' has been explicitly marked deprecated here
  static V8_DEPRECATED(
         ^
/Users/zhouhancheng/Library/Caches/node-gyp/12.8.0/include/node/v8config.h:311:29: note: expanded from macro 'V8_DEPRECATED'
  declarator __attribute__((deprecated(message)))
                            ^
In file included from ../src/Addon.cpp:3:
../src/Addon.h:222:11: warning: 'MakeCallback' is deprecated: Use MakeCallback(..., async_context) [-Wdeprecated-declarations]
    node::MakeCallback(sc->isolate, sc->isolate->GetCurrentContext()->Global(),
          ^
/Users/zhouhancheng/Library/Caches/node-gyp/12.8.0/include/node/node.h:173:1: note: 'MakeCallback' has been explicitly marked deprecated here
NODE_DEPRECATED("Use MakeCallback(..., async_context)",
^
/Users/zhouhancheng/Library/Caches/node-gyp/12.8.0/include/node/node.h:93:20: note: expanded from macro 'NODE_DEPRECATED'
    __attribute__((deprecated(message))) declarator
                   ^
In file included from ../src/Addon.cpp:3:
../src/Addon.h:232:59: error: too few arguments to function call, single argument 'context' was not specified
  cWS::OpCode opCode = (cWS::OpCode)args[2]->IntegerValue();
                                    ~~~~~~~~~~~~~~~~~~~~~ ^
/Users/zhouhancheng/Library/Caches/node-gyp/12.8.0/include/node/v8.h:2572:3: note: 'IntegerValue' declared here
  V8_WARN_UNUSED_RESULT Maybe<int64_t> IntegerValue(
  ^
/Users/zhouhancheng/Library/Caches/node-gyp/12.8.0/include/node/v8config.h:351:31: note: expanded from macro 'V8_WARN_UNUSED_RESULT'
#define V8_WARN_UNUSED_RESULT __attribute__((warn_unused_result))
                              ^
In file included from ../src/Addon.cpp:3:
../src/Addon.h:245:28: error: no matching member function for call to 'BooleanValue'
  bool compress = args[4]->BooleanValue();
                  ~~~~~~~~~^~~~~~~~~~~~
/Users/zhouhancheng/Library/Caches/node-gyp/12.8.0/include/node/v8.h:2566:8: note: candidate function not viable: requires single argument 'isolate', but no arguments were provided
  bool BooleanValue(Isolate* isolate) const;
       ^
/Users/zhouhancheng/Library/Caches/node-gyp/12.8.0/include/node/v8.h:2569:51: note: candidate function not viable: requires single argument 'context', but no arguments were provided
                V8_WARN_UNUSED_RESULT Maybe<bool> BooleanValue(
                                                  ^
In file included from ../src/Addon.cpp:3:
../src/Addon.h:293:29: error: no matching member function for call to 'ToObject'
                   args[0]->ToObject()->GetAlignedPointerFromInternalField(0))),
                   ~~~~~~~~~^~~~~~~~
/Users/zhouhancheng/Library/Caches/node-gyp/12.8.0/include/node/v8.h:2539:44: note: candidate function not viable: requires single argument 'context', but no arguments were provided
  V8_WARN_UNUSED_RESULT MaybeLocal<Object> ToObject(
                                           ^
/Users/zhouhancheng/Library/Caches/node-gyp/12.8.0/include/node/v8.h:2553:31: note: candidate function not viable: requires single argument 'isolate', but no arguments were provided
                Local<Object> ToObject(Isolate* isolate) const);
                              ^
In file included from ../src/Addon.cpp:3:
../src/Addon.h:296:40: error: too few arguments to function call, single argument 'context' was not specified
    ticket->fd = args[0]->IntegerValue();
                 ~~~~~~~~~~~~~~~~~~~~~ ^
/Users/zhouhancheng/Library/Caches/node-gyp/12.8.0/include/node/v8.h:2572:3: note: 'IntegerValue' declared here
  V8_WARN_UNUSED_RESULT Maybe<int64_t> IntegerValue(
  ^
/Users/zhouhancheng/Library/Caches/node-gyp/12.8.0/include/node/v8config.h:351:31: note: expanded from macro 'V8_WARN_UNUSED_RESULT'
#define V8_WARN_UNUSED_RESULT __attribute__((warn_unused_result))
                              ^
In file included from ../src/Addon.cpp:3:
../src/Addon.h:441:11: warning: 'MakeCallback' is deprecated: Use MakeCallback(..., async_context) [-Wdeprecated-declarations]
    node::MakeCallback(isolate, isolate->GetCurrentContext()->Global(),
          ^
/Users/zhouhancheng/Library/Caches/node-gyp/12.8.0/include/node/node.h:173:1: note: 'MakeCallback' has been explicitly marked deprecated here
NODE_DEPRECATED("Use MakeCallback(..., async_context)",
^
/Users/zhouhancheng/Library/Caches/node-gyp/12.8.0/include/node/node.h:93:20: note: expanded from macro 'NODE_DEPRECATED'
    __attribute__((deprecated(message))) declarator
                   ^
In file included from ../src/Addon.cpp:3:
../src/Addon.h:453:37: error: too few arguments to function call, single argument 'context' was not specified
      ->close(args[1]->IntegerValue(), nativeString.getData(),
              ~~~~~~~~~~~~~~~~~~~~~ ^
/Users/zhouhancheng/Library/Caches/node-gyp/12.8.0/include/node/v8.h:2572:3: note: 'IntegerValue' declared here
  V8_WARN_UNUSED_RESULT Maybe<int64_t> IntegerValue(
  ^
/Users/zhouhancheng/Library/Caches/node-gyp/12.8.0/include/node/v8config.h:351:31: note: expanded from macro 'V8_WARN_UNUSED_RESULT'
#define V8_WARN_UNUSED_RESULT __attribute__((warn_unused_result))
                              ^
In file included from ../src/Addon.cpp:3:
../src/Addon.h:467:38: error: too few arguments to function call, single argument 'context' was not specified
  group->close(args[1]->IntegerValue(), nativeString.getData(),
               ~~~~~~~~~~~~~~~~~~~~~ ^
/Users/zhouhancheng/Library/Caches/node-gyp/12.8.0/include/node/v8.h:2572:3: note: 'IntegerValue' declared here
  V8_WARN_UNUSED_RESULT Maybe<int64_t> IntegerValue(
  ^
/Users/zhouhancheng/Library/Caches/node-gyp/12.8.0/include/node/v8config.h:351:31: note: expanded from macro 'V8_WARN_UNUSED_RESULT'
#define V8_WARN_UNUSED_RESULT __attribute__((warn_unused_result))
                              ^
In file included from ../src/Addon.cpp:3:
../src/Addon.h:481:16: error: no matching member function for call to 'BooleanValue'
      args[2]->BooleanValue() ? cWS::OpCode::BINARY : cWS::OpCode::TEXT;
      ~~~~~~~~~^~~~~~~~~~~~
/Users/zhouhancheng/Library/Caches/node-gyp/12.8.0/include/node/v8.h:2566:8: note: candidate function not viable: requires single argument 'isolate', but no arguments were provided
  bool BooleanValue(Isolate* isolate) const;
       ^
/Users/zhouhancheng/Library/Caches/node-gyp/12.8.0/include/node/v8.h:2569:51: note: candidate function not viable: requires single argument 'context', but no arguments were provided
                V8_WARN_UNUSED_RESULT Maybe<bool> BooleanValue(
                                                  ^
In file included from ../src/Addon.cpp:3:
../src/Addon.h:488:59: error: too few arguments to function call, single argument 'context' was not specified
  cWS::OpCode opCode = (cWS::OpCode)args[1]->IntegerValue();
                                    ~~~~~~~~~~~~~~~~~~~~~ ^
/Users/zhouhancheng/Library/Caches/node-gyp/12.8.0/include/node/v8.h:2572:3: note: 'IntegerValue' declared here
  V8_WARN_UNUSED_RESULT Maybe<int64_t> IntegerValue(
  ^
/Users/zhouhancheng/Library/Caches/node-gyp/12.8.0/include/node/v8config.h:351:31: note: expanded from macro 'V8_WARN_UNUSED_RESULT'
#define V8_WARN_UNUSED_RESULT __attribute__((warn_unused_result))
                              ^
In file included from ../src/Addon.cpp:3:
../src/Addon.h:520:36: error: too few arguments to function call, expected 4, have 3
    cb->Call(Null(isolate), 1, argv);
    ~~~~~~~~                       ^
/Users/zhouhancheng/Library/Caches/node-gyp/12.8.0/include/node/v8.h:4155:3: note: 'Call' declared here
  V8_WARN_UNUSED_RESULT MaybeLocal<Value> Call(Local<Context> context,
  ^
/Users/zhouhancheng/Library/Caches/node-gyp/12.8.0/include/node/v8config.h:351:31: note: expanded from macro 'V8_WARN_UNUSED_RESULT'
#define V8_WARN_UNUSED_RESULT __attribute__((warn_unused_result))
                              ^
In file included from ../src/Addon.cpp:3:
../src/Addon.h:538:29: error: too few arguments to function call, single argument 'context' was not specified
      args[1]->IntegerValue(),
      ~~~~~~~~~~~~~~~~~~~~~ ^
/Users/zhouhancheng/Library/Caches/node-gyp/12.8.0/include/node/v8.h:2572:3: note: 'IntegerValue' declared here
  V8_WARN_UNUSED_RESULT Maybe<int64_t> IntegerValue(
  ^
/Users/zhouhancheng/Library/Caches/node-gyp/12.8.0/include/node/v8config.h:351:31: note: expanded from macro 'V8_WARN_UNUSED_RESULT'
#define V8_WARN_UNUSED_RESULT __attribute__((warn_unused_result))
                              ^
In file included from ../src/Addon.cpp:3:
../src/Addon.h:547:15: warning: 'NewFromUtf8' is deprecated: Use maybe version [-Wdeprecated-declarations]
      String::NewFromUtf8(isolate, "Error: One object expected")));
              ^
/Users/zhouhancheng/Library/Caches/node-gyp/12.8.0/include/node/v8.h:2897:10: note: 'NewFromUtf8' has been explicitly marked deprecated here
  static V8_DEPRECATED(
         ^
/Users/zhouhancheng/Library/Caches/node-gyp/12.8.0/include/node/v8config.h:311:29: note: expanded from macro 'V8_DEPRECATED'
  declarator __attribute__((deprecated(message)))
                            ^
fatal error: too many errors emitted, stopping now [-ferror-limit=]
7 warnings and 20 errors generated.
make: *** [Release/obj.target/cws/src/Addon.o] Error 1
gyp ERR! build error 
gyp ERR! stack Error: `make` failed with exit code: 2
gyp ERR! stack     at ChildProcess.onExit (/Users/zhouhancheng/.nvm/versions/node/v12.8.0/lib/node_modules/npm/node_modules/node-gyp/lib/build.js:196:23)
gyp ERR! stack     at ChildProcess.emit (events.js:203:13)
gyp ERR! stack     at Process.ChildProcess._handle.onexit (internal/child_process.js:272:12)
gyp ERR! System Darwin 17.7.0
gyp ERR! command "/Users/zhouhancheng/.nvm/versions/node/v12.8.0/bin/node" "/Users/zhouhancheng/.nvm/versions/node/v12.8.0/lib/node_modules/npm/node_modules/node-gyp/bin/node-gyp.js" "rebuild"
gyp ERR! cwd /Users/zhouhancheng/编程/github/dat/dat-react-shopping-list-websocket/node_modules/@clusterws/cws
gyp ERR! node -v v12.8.0
gyp ERR! node-gyp -v v5.0.3
gyp ERR! not ok 
